<?xml version="1.0" encoding="UTF-8"?>
<!-- Generated by org.testng.reporters.JUnitReportReporter -->
<testsuite skipped="0" hostname="Sharanyas-MBP.modem" name="testcases.LoginPageTest" tests="1" failures="0" timestamp="26 Feb 2023 09:55:59 GMT" time="41.103" errors="0">
  <testcase name="validateLoginTest" time="41.103" classname="testcases.LoginPageTest"/>
</testsuite> <!-- testcases.LoginPageTest -->
